2017-12-14 12:31:42:582 INFO - [ _(:3」∠)_ ] c.b.s.n.NettyServer       | Environment: jdk.version    => 1.8.0_101
2017-12-14 12:31:42:587 INFO - [ _(:3」∠)_ ] c.b.s.n.NettyServer       | Environment: user.dir       => D:\EclipseWorkSpace\sms
2017-12-14 12:31:42:587 INFO - [ _(:3」∠)_ ] c.b.s.n.NettyServer       | Environment: java.io.tmpdir => C:\Users\Google\AppData\Local\Temp\
2017-12-14 12:31:42:587 INFO - [ _(:3」∠)_ ] c.b.s.n.NettyServer       | Environment: user.timezone  => Asia/Shanghai
2017-12-14 12:31:42:588 INFO - [ _(:3」∠)_ ] c.b.s.n.NettyServer       | Environment: file.encoding  => UTF-8
2017-12-14 12:31:42:588 INFO - [ _(:3」∠)_ ] c.b.s.n.NettyServer       | Environment: classpath      => D:\EclipseWorkSpace\sms\target\classes
2017-12-14 12:31:42:733 INFO - [ _(:3」∠)_ ] c.b.m.r.RouteMatcher      | Add route => POST	/other
2017-12-14 12:31:42:734 INFO - [ _(:3」∠)_ ] c.b.m.r.RouteMatcher      | Add route => POST	/word
2017-12-14 12:31:42:740 INFO - [ _(:3」∠)_ ] c.b.m.r.RouteMatcher      | Add route => GET	/delelteStu/:sid
2017-12-14 12:31:42:741 INFO - [ _(:3」∠)_ ] c.b.m.r.RouteMatcher      | Add route => POST	/pdf
2017-12-14 12:31:42:741 INFO - [ _(:3」∠)_ ] c.b.m.r.RouteMatcher      | Add route => GET	/word
2017-12-14 12:31:42:741 INFO - [ _(:3」∠)_ ] c.b.m.r.RouteMatcher      | Add route => GET	/video
2017-12-14 12:31:42:742 INFO - [ _(:3」∠)_ ] c.b.m.r.RouteMatcher      | Add route => POST	/video
2017-12-14 12:31:42:742 INFO - [ _(:3」∠)_ ] c.b.m.r.RouteMatcher      | Add route => GET	/uploadLink
2017-12-14 12:31:42:742 INFO - [ _(:3」∠)_ ] c.b.m.r.RouteMatcher      | Add route => POST	/excel
2017-12-14 12:31:42:742 INFO - [ _(:3」∠)_ ] c.b.m.r.RouteMatcher      | Add route => GET	/updateIn
2017-12-14 12:31:42:742 INFO - [ _(:3」∠)_ ] c.b.m.r.RouteMatcher      | Add route => POST	/upload
2017-12-14 12:31:42:743 INFO - [ _(:3」∠)_ ] c.b.m.r.RouteMatcher      | Add route => GET	/addOneStu
2017-12-14 12:31:42:743 INFO - [ _(:3」∠)_ ] c.b.m.r.RouteMatcher      | Add route => GET	/stuInfoList
2017-12-14 12:31:42:743 INFO - [ _(:3」∠)_ ] c.b.m.r.RouteMatcher      | Add route => GET	/stu
2017-12-14 12:31:42:743 INFO - [ _(:3」∠)_ ] c.b.m.r.RouteMatcher      | Add route => POST	/stulogin
2017-12-14 12:31:42:743 INFO - [ _(:3」∠)_ ] c.b.m.r.RouteMatcher      | Add route => GET	/pdf
2017-12-14 12:31:42:744 INFO - [ _(:3」∠)_ ] c.b.m.r.RouteMatcher      | Add route => GET	/addIn
2017-12-14 12:31:42:744 INFO - [ _(:3」∠)_ ] c.b.m.r.RouteMatcher      | Add route => GET	/teacher
2017-12-14 12:31:42:744 INFO - [ _(:3」∠)_ ] c.b.m.r.RouteMatcher      | Add route => GET	/excel
2017-12-14 12:31:42:744 INFO - [ _(:3」∠)_ ] c.b.m.r.RouteMatcher      | Add route => GET	/uploadsf
2017-12-14 12:31:42:744 INFO - [ _(:3」∠)_ ] c.b.m.r.RouteMatcher      | Add route => POST	/login
2017-12-14 12:31:42:744 INFO - [ _(:3」∠)_ ] c.b.m.r.RouteMatcher      | Add route => POST	/uploadExcel
2017-12-14 12:31:42:745 INFO - [ _(:3」∠)_ ] c.b.m.r.RouteMatcher      | Add route => GET	/other
2017-12-14 12:31:42:745 INFO - [ _(:3」∠)_ ] c.b.m.r.RouteMatcher      | Add route => GET	/changeOneStu/:sid
2017-12-14 12:31:42:754 INFO - [ _(:3」∠)_ ] c.b.s.n.NettyServer       | ⬢ Register bean: [com.blade.Environment@401586d8, com.cam.config.TemplatesConfig@2ed858a5, com.cam.config.TemplatesConfig@2ed858a5, com.cam.config.LoadConfig@12285dfe, com.cam.controller.UploadController@780f5ec5, com.cam.controller.LoginRegController@1440245a, com.cam.controller.IndexController@78b15b07, com.cam.Application@28a63e42, com.cam.controller.StuInfoController@2adda4e5]
2017-12-14 12:31:42:845 INFO - [ _(:3」∠)_ ] c.b.j.Base                | ⬢ Blade-JDBC initializing
2017-12-14 12:31:42:961 INFO - [ _(:3」∠)_ ] c.b.s.n.NettyServer       | ⬢ Use NioEventLoopGroup
2017-12-14 12:31:43:371 INFO - [ _(:3」∠)_ ] c.b.s.n.NettyServer       | ⬢ 我可爱的程序 initialize successfully, Time elapsed: 916 ms
2017-12-14 12:31:43:372 INFO - [ _(:3」∠)_ ] c.b.s.n.NettyServer       | ⬢ Blade start with 0.0.0.0:9000
2017-12-14 12:31:43:374 INFO - [ _(:3」∠)_ ] c.b.s.n.NettyServer       | ⬢ Open your web browser and navigate to http://127.0.0.1:9000 ⚡
2017-12-14 12:31:46:771 INFO - [ worker@pool thread-2 ] c.b.s.n.HttpServerHandler | HTTP/1.1	POST	/login
2017-12-14 12:31:47:315 INFO - [ worker@pool thread-2 ] j.t.JetEngineImpl         | JetEngine.version = 2.1.2
2017-12-14 12:31:47:316 INFO - [ worker@pool thread-2 ] j.t.JetEngineImpl         | JetEngine.loader = jetbrick.template.loader.ClasspathResourceLoader, root = /templates/, reload = true
2017-12-14 12:31:47:325 INFO - [ worker@pool thread-2 ] j.t.r.c.ClassResolver     | import package: java.lang.*
2017-12-14 12:31:47:325 INFO - [ worker@pool thread-2 ] j.t.r.c.ClassResolver     | import package: java.util.*
2017-12-14 12:31:47:329 INFO - [ worker@pool thread-2 ] j.t.r.m.MethodInvokerResolver | import 29 methods from class jetbrick.template.runtime.buildin.JetMethods
2017-12-14 12:31:47:331 INFO - [ worker@pool thread-2 ] j.t.r.f.FunctionInvokerResolver | import 11 functions from class jetbrick.template.runtime.buildin.JetFunctions
2017-12-14 12:31:47:332 INFO - [ worker@pool thread-2 ] j.t.r.t.TagInvokerResolver | import 2 tags from class jetbrick.template.runtime.buildin.JetTags
2017-12-14 12:31:47:333 INFO - [ worker@pool thread-2 ] j.t.r.GlobalResolver      | Scanning @JetMethods, @JetFunctions, @JetTags implements from [com.cam] ...
2017-12-14 12:31:47:344 INFO - [ worker@pool thread-2 ] j.t.r.GlobalResolver      | Found 0 annotated classes, time elapsed 11 ms.
2017-12-14 12:31:47:354 INFO - [ worker@pool thread-2 ] j.t.JetTemplateImpl       | Loading template: index.html
2017-12-14 12:31:47:587 INFO - [ worker@pool thread-2 ] c.b.s.n.StaticFileHandler | HTTP/1.1	GET	/static/frame/layui/css/layui.css
2017-12-14 12:31:47:593 INFO - [ worker@pool thread-1 ] c.b.s.n.StaticFileHandler | HTTP/1.1	GET	/static/frame/static/css/style.css
2017-12-14 12:31:47:599 INFO - [ worker@pool thread-4 ] c.b.s.n.StaticFileHandler | HTTP/1.1	GET	/static/frame/layui/layui.js
2017-12-14 12:31:47:609 INFO - [ worker@pool thread-3 ] c.b.s.n.StaticFileHandler | HTTP/1.1	GET	/static/frame/static/js/index.js
2017-12-14 12:31:47:696 INFO - [ worker@pool thread-3 ] c.b.s.n.HttpServerHandler | HTTP/1.1	GET	/stuInfoList
2017-12-14 12:31:47:721 INFO - [ worker@pool thread-3 ] j.t.JetTemplateImpl       | Loading template: studentInfoList.html
2017-12-14 12:31:47:778 INFO - [ worker@pool thread-2 ] c.b.s.n.StaticFileHandler | HTTP/1.1	GET	/static/frame/layui/lay/modules/layer.js
2017-12-14 12:31:47:782 INFO - [ worker@pool thread-4 ] c.b.s.n.StaticFileHandler | HTTP/1.1	GET	/static/frame/layui/font/iconfont.woff
2017-12-14 12:31:47:825 INFO - [ worker@pool thread-4 ] c.b.s.n.StaticFileHandler | HTTP/1.1	GET	/static/frame/layui/css/modules/layer/default/layer.css
2017-12-14 12:31:47:832 INFO - [ worker@pool thread-4 ] c.b.s.n.StaticFileHandler | HTTP/1.1	GET	/static/frame/layui/lay/modules/jquery.js
2017-12-14 12:31:47:892 INFO - [ worker@pool thread-4 ] c.b.s.n.StaticFileHandler | HTTP/1.1	GET	/static/frame/layui/lay/modules/element.js
2017-12-14 12:31:47:896 WARN - [ worker@pool thread-2 ] c.b.s.n.HttpServerHandler | Not Found	/frame/static/js/vip_nav.js
2017-12-14 12:31:47:933 INFO - [ worker@pool thread-3 ] c.b.s.n.StaticFileHandler | HTTP/1.1	GET	/static/frame/layui/lay/modules/util.js
2017-12-14 12:31:48:238 INFO - [ worker@pool thread-3 ] c.b.s.n.StaticFileHandler | HTTP/1.1	GET	/static/frame/layui/lay/modules/form.js
2017-12-14 12:31:48:293 INFO - [ worker@pool thread-3 ] c.b.s.n.StaticFileHandler | HTTP/1.1	GET	/static/frame/layui/lay/modules/layedit.js
2017-12-14 12:31:48:309 INFO - [ worker@pool thread-3 ] c.b.s.n.StaticFileHandler | HTTP/1.1	GET	/static/frame/layui/lay/modules/laydate.js
2017-12-14 12:31:48:325 INFO - [ worker@pool thread-3 ] c.b.s.n.StaticFileHandler | HTTP/1.1	GET	/static/frame/layui/css/modules/laydate/laydate.css
2017-12-14 12:31:48:329 INFO - [ worker@pool thread-2 ] c.b.s.n.StaticFileHandler | HTTP/1.1	GET	/static/frame/layui/lay/modules/upload.js
2017-12-14 12:31:49:491 INFO - [ worker@pool thread-2 ] c.b.s.n.StaticFileHandler | HTTP/1.1	GET	/static/frame/layui/css/modules/layer/default/loading-1.gif
2017-12-14 12:31:49:492 INFO - [ worker@pool thread-3 ] c.b.s.n.HttpServerHandler | HTTP/1.1	GET	/uploadsf
2017-12-14 12:31:49:493 INFO - [ worker@pool thread-3 ] j.t.JetTemplateImpl       | Loading template: uploadExcel.html
2017-12-14 12:31:49:499 INFO - [ worker@pool thread-4 ] c.b.s.n.StaticFileHandler | HTTP/1.1	GET	/static/frame/layui/css/modules/layer/default/icon.png
2017-12-14 12:31:49:526 INFO - [ worker@pool thread-4 ] c.b.s.n.StaticFileHandler | HTTP/1.1	GET	/static/js/layui.js
2017-12-14 12:31:49:606 INFO - [ worker@pool thread-4 ] c.b.s.n.StaticFileHandler | HTTP/1.1	GET	/static/js/lay/modules/upload.js
2017-12-14 12:31:49:619 INFO - [ worker@pool thread-4 ] c.b.s.n.StaticFileHandler | HTTP/1.1	GET	/static/js/lay/modules/layer.js
2017-12-14 12:31:49:690 INFO - [ worker@pool thread-4 ] c.b.s.n.StaticFileHandler | HTTP/1.1	GET	/static/js/css/modules/layer/default/layer.css
2017-12-14 12:31:49:693 INFO - [ worker@pool thread-3 ] c.b.s.n.StaticFileHandler | HTTP/1.1	GET	/static/js/lay/modules/jquery.js
2017-12-14 12:31:53:904 INFO - [ worker@pool thread-3 ] c.b.s.n.HttpServerHandler | HTTP/1.1	POST	/uploadExcel
2017-12-14 12:31:54:464 INFO - [ worker@pool thread-3 ] j.t.JetTemplateImpl       | Loading template: success.html
2017-12-14 12:31:56:533 INFO - [ worker@pool thread-3 ] c.b.s.n.HttpServerHandler | HTTP/1.1	POST	/login
2017-12-14 12:31:56:647 INFO - [ worker@pool thread-3 ] c.b.s.n.HttpServerHandler | HTTP/1.1	GET	/stuInfoList
2017-12-14 12:31:57:000 WARN - [ worker@pool thread-3 ] c.b.s.n.HttpServerHandler | Not Found	/frame/static/js/vip_nav.js
2017-12-14 12:32:29:640 INFO - [ worker@pool thread-3 ] c.b.s.n.HttpServerHandler | HTTP/1.1	GET	/delelteStu/50010101022
2017-12-14 12:32:59:397 WARN - [ worker@pool thread-3 ] c.b.s.n.HttpServerHandler | Not Found	/delelteStu/delelteStu/50010102003
2017-12-14 12:33:20:894 INFO - [ worker@pool thread-3 ] c.b.s.n.HttpServerHandler | HTTP/1.1	POST	/login
2017-12-14 12:33:20:929 INFO - [ worker@pool thread-3 ] c.b.s.n.StaticFileHandler | HTTP/1.1	GET	/static/frame/static/css/style.css
2017-12-14 12:33:20:933 INFO - [ worker@pool thread-4 ] c.b.s.n.StaticFileHandler | HTTP/1.1	GET	/static/frame/layui/layui.js
2017-12-14 12:33:20:941 INFO - [ worker@pool thread-2 ] c.b.s.n.StaticFileHandler | HTTP/1.1	GET	/static/frame/static/js/index.js
2017-12-14 12:33:21:040 INFO - [ worker@pool thread-2 ] c.b.s.n.HttpServerHandler | HTTP/1.1	GET	/stuInfoList
2017-12-14 12:33:21:082 INFO - [ worker@pool thread-2 ] c.b.s.n.StaticFileHandler | HTTP/1.1	GET	/static/frame/layui/font/iconfont.woff
2017-12-14 12:33:21:105 INFO - [ worker@pool thread-2 ] c.b.s.n.StaticFileHandler | HTTP/1.1	GET	/static/frame/layui/lay/modules/jquery.js
2017-12-14 12:33:21:253 INFO - [ worker@pool thread-2 ] c.b.s.n.StaticFileHandler | HTTP/1.1	GET	/static/frame/layui/lay/modules/element.js
2017-12-14 12:33:21:257 WARN - [ worker@pool thread-4 ] c.b.s.n.HttpServerHandler | Not Found	/frame/static/js/vip_nav.js
2017-12-14 12:33:21:301 INFO - [ worker@pool thread-4 ] c.b.s.n.StaticFileHandler | HTTP/1.1	GET	/static/frame/layui/lay/modules/util.js
2017-12-14 12:34:22:797 WARN - [ worker@pool thread-4 ] c.b.s.n.HttpServerHandler | Not Found	/
2017-12-14 12:34:35:808 INFO - [ worker@pool thread-4 ] c.b.s.n.HttpServerHandler | HTTP/1.1	GET	/stu
2017-12-14 12:34:35:845 INFO - [ worker@pool thread-4 ] j.t.JetTemplateImpl       | Loading template: stulogin.html
2017-12-14 12:34:35:878 INFO - [ worker@pool thread-4 ] c.b.s.n.StaticFileHandler | HTTP/1.1	GET	/static/css/style1.css
